[    0.000000] Linux version 4.15.0-191-generic (buildd@lcy02-amd64-032) (gcc version 7.5.0 (Ubuntu 7.5.0-3ubuntu1~18.04)) #202-Ubuntu SMP Thu Aug 4 01:49:29 UTC 2022 (Ubuntu 4.15.0-191.202-generic 4.15.18)
[    0.000000] Command line: BOOT_IMAGE=/boot/vmlinuz-4.15.0-191-generic root=LABEL=cloudimg-rootfs ro console=tty1 console=ttyS0
[    0.000000] KERNEL supported cpus:
[    0.000000]   Intel GenuineIntel
[    0.000000]   AMD AuthenticAMD
[    0.000000]   Centaur CentaurHauls
[    0.000000] x86/fpu: Supporting XSAVE feature 0x001: 'x87 floating point registers'
[    0.000000] x86/fpu: Supporting XSAVE feature 0x002: 'SSE registers'
[    0.000000] x86/fpu: Supporting XSAVE feature 0x004: 'AVX registers'
[    0.000000] x86/fpu: xstate_offset[2]:  576, xstate_sizes[2]:  256
[    0.000000] x86/fpu: Enabled xstate features 0x7, context size is 832 bytes, using 'standard' format.
[    0.000000] e820: BIOS-provided physical RAM map:
[    0.000000] BIOS-e820: [mem 0x0000000000000000-0x000000000009fbff] usable
[    0.000000] BIOS-e820: [mem 0x000000000009fc00-0x000000000009ffff] reserved
[    0.000000] BIOS-e820: [mem 0x00000000000f0000-0x00000000000fffff] reserved
[    0.000000] BIOS-e820: [mem 0x0000000000100000-0x000000001ffeffff] usable
[    0.000000] BIOS-e820: [mem 0x000000001fff0000-0x000000001fffffff] ACPI data
[    0.000000] BIOS-e820: [mem 0x00000000fec00000-0x00000000fec00fff] reserved
[    0.000000] BIOS-e820: [mem 0x00000000fee00000-0x00000000fee00fff] reserved
[    0.000000] BIOS-e820: [mem 0x00000000fffc0000-0x00000000ffffffff] reserved
[    0.000000] NX (Execute Disable) protection: active
[    0.000000] SMBIOS 2.5 present.
[    0.000000] DMI: innotek GmbH VirtualBox/VirtualBox, BIOS VirtualBox 12/01/2006
[    0.000000] Hypervisor detected: KVM
[    0.000000] e820: last_pfn = 0x1fff0 max_arch_pfn = 0x400000000
[    0.000000] MTRR: Disabled
[    0.000000] x86/PAT: MTRRs disabled, skipping PAT initialization too.
[    0.000000] CPU MTRRs all blank - virtualized system.
[    0.000000] x86/PAT: Configuration [0-7]: WB  WT  UC- UC  WB  WT  UC- UC  
[    0.000000] found SMP MP-table at [mem 0x0009fff0-0x0009ffff]
[    0.000000] Scanning 1 areas for low memory corruption
[    0.000000] RAMDISK: [mem 0x1db03000-0x1ee14fff]
[    0.000000] ACPI: Early table checksum verification disabled
[    0.000000] ACPI: RSDP 0x00000000000E0000 000024 (v02 VBOX  )
[    0.000000] ACPI: XSDT 0x000000001FFF0030 00003C (v01 VBOX   VBOXXSDT 00000001 ASL  00000061)
[    0.000000] ACPI: FACP 0x000000001FFF00F0 0000F4 (v04 VBOX   VBOXFACP 00000001 ASL  00000061)
[    0.000000] ACPI: DSDT 0x000000001FFF0470 002325 (v02 VBOX   VBOXBIOS 00000002 INTL 20100528)
[    0.000000] ACPI: FACS 0x000000001FFF0200 000040
[    0.000000] ACPI: FACS 0x000000001FFF0200 000040
[    0.000000] ACPI: APIC 0x000000001FFF0240 000054 (v02 VBOX   VBOXAPIC 00000001 ASL  00000061)
[    0.000000] ACPI: SSDT 0x000000001FFF02A0 0001CC (v01 VBOX   VBOXCPUT 00000002 INTL 20100528)
[    0.000000] ACPI: Reserving FACP table memory at [mem 0x1fff00f0-0x1fff01e3]
[    0.000000] ACPI: Reserving DSDT table memory at [mem 0x1fff0470-0x1fff2794]
[    0.000000] ACPI: Reserving FACS table memory at [mem 0x1fff0200-0x1fff023f]
[    0.000000] ACPI: Reserving FACS table memory at [mem 0x1fff0200-0x1fff023f]
[    0.000000] ACPI: Reserving APIC table memory at [mem 0x1fff0240-0x1fff0293]
[    0.000000] ACPI: Reserving SSDT table memory at [mem 0x1fff02a0-0x1fff046b]
[    0.000000] No NUMA configuration found
[    0.000000] Faking a node at [mem 0x0000000000000000-0x000000001ffeffff]
[    0.000000] NODE_DATA(0) allocated [mem 0x1ffc5000-0x1ffeffff]
[    0.000000] kvm-clock: cpu 0, msr 0:1ff44001, primary cpu clock
[    0.000000] kvm-clock: Using msrs 4b564d01 and 4b564d00
[    0.000000] kvm-clock: using sched offset of 4044011962 cycles
[    0.000000] clocksource: kvm-clock: mask: 0xffffffffffffffff max_cycles: 0x1cd42e4dffb, max_idle_ns: 881590591483 ns
[    0.000000] Zone ranges:
[    0.000000]   DMA      [mem 0x0000000000001000-0x0000000000ffffff]
[    0.000000]   DMA32    [mem 0x0000000001000000-0x000000001ffeffff]
[    0.000000]   Normal   empty
[    0.000000]   Device   empty
[    0.000000] Movable zone start for each node
[    0.000000] Early memory node ranges
[    0.000000]   node   0: [mem 0x0000000000001000-0x000000000009efff]
[    0.000000]   node   0: [mem 0x0000000000100000-0x000000001ffeffff]
[    0.000000] Reserved but unavailable: 104 pages
[    0.000000] Initmem setup node 0 [mem 0x0000000000001000-0x000000001ffeffff]
[    0.000000] ACPI: PM-Timer IO Port: 0x4008
[    0.000000] IOAPIC[0]: apic_id 1, version 32, address 0xfec00000, GSI 0-23
[    0.000000] ACPI: INT_SRC_OVR (bus 0 bus_irq 0 global_irq 2 dfl dfl)
[    0.000000] ACPI: INT_SRC_OVR (bus 0 bus_irq 9 global_irq 9 low level)
[    0.000000] Using ACPI (MADT) for SMP configuration information
[    0.000000] smpboot: Allowing 1 CPUs, 0 hotplug CPUs
[    0.000000] PM: Registered nosave memory: [mem 0x00000000-0x00000fff]
[    0.000000] PM: Registered nosave memory: [mem 0x0009f000-0x0009ffff]
[    0.000000] PM: Registered nosave memory: [mem 0x000a0000-0x000effff]
[    0.000000] PM: Registered nosave memory: [mem 0x000f0000-0x000fffff]
[    0.000000] e820: [mem 0x20000000-0xfebfffff] available for PCI devices
[    0.000000] Booting paravirtualized kernel on KVM
[    0.000000] clocksource: refined-jiffies: mask: 0xffffffff max_cycles: 0xffffffff, max_idle_ns: 7645519600211568 ns
[    0.000000] random: get_random_bytes called from start_kernel+0x99/0x500 with crng_init=0
[    0.000000] setup_percpu: NR_CPUS:8192 nr_cpumask_bits:1 nr_cpu_ids:1 nr_node_ids:1
[    0.000000] percpu: Embedded 50 pages/cpu s167936 r8192 d28672 u2097152
[    0.000000] PV qspinlock hash table entries: 256 (order: 0, 4096 bytes)
[    0.000000] Built 1 zonelists, mobility grouping on.  Total pages: 128889
[    0.000000] Policy zone: DMA32
[    0.000000] Kernel command line: BOOT_IMAGE=/boot/vmlinuz-4.15.0-191-generic root=LABEL=cloudimg-rootfs ro console=tty1 console=ttyS0
[    0.000000] Memory: 466752K/523832K available (12300K kernel code, 2484K rwdata, 4324K rodata, 2468K init, 2724K bss, 57080K reserved, 0K cma-reserved)
[    0.000000] SLUB: HWalign=64, Order=0-3, MinObjects=0, CPUs=1, Nodes=1
[    0.000000] Kernel/User page tables isolation: enabled
[    0.000000] ftrace: allocating 39485 entries in 155 pages
[    0.004000] Hierarchical RCU implementation.
[    0.004000] 	RCU restricting CPUs from NR_CPUS=8192 to nr_cpu_ids=1.
[    0.004000] 	Tasks RCU enabled.
[    0.004000] RCU: Adjusting geometry for rcu_fanout_leaf=16, nr_cpu_ids=1
[    0.004000] NR_IRQS: 524544, nr_irqs: 256, preallocated irqs: 16
[    0.004000] Console: colour VGA+ 80x25
[    0.004000] console [tty1] enabled
[    0.004000] console [ttyS0] enabled
[    0.004000] ACPI: Core revision 20170831
[    0.004000] ACPI: 2 ACPI AML tables successfully acquired and loaded
[    0.004000] APIC: Switch to symmetric I/O mode setup
[    0.004000] x2apic enabled
[    0.004000] Switched APIC routing to physical x2apic.
[    0.004000] ..TIMER: vector=0x30 apic1=0 pin1=2 apic2=-1 pin2=-1
[    0.004007] tsc: Detected 1992.000 MHz processor
[    0.004869] Calibrating delay loop (skipped) preset value.. 3984.00 BogoMIPS (lpj=7968000)
[    0.005514] pid_max: default: 32768 minimum: 301
[    0.008027] Security Framework initialized
[    0.008921] Yama: becoming mindful.
[    0.009612] AppArmor: AppArmor initialized
[    0.010460] Dentry cache hash table entries: 65536 (order: 7, 524288 bytes)
[    0.012032] Inode-cache hash table entries: 32768 (order: 6, 262144 bytes)
[    0.013448] Mount-cache hash table entries: 1024 (order: 1, 8192 bytes)
[    0.014709] Mountpoint-cache hash table entries: 1024 (order: 1, 8192 bytes)
[    0.016243] process: using mwait in idle threads
[    0.017161] Last level iTLB entries: 4KB 64, 2MB 8, 4MB 8
[    0.018201] Last level dTLB entries: 4KB 64, 2MB 0, 4MB 0, 1GB 4
[    0.019334] Spectre V1 : Mitigation: usercopy/swapgs barriers and __user pointer sanitization
[    0.020002] Spectre V2 : Mitigation: Retpolines
[    0.020920] Spectre V2 : Spectre v2 / SpectreRSB mitigation: Filling RSB on context switch
[    0.022414] Speculative Store Bypass: Vulnerable
[    0.024090] MDS: Mitigation: Clear CPU buffers
[    0.024970] MMIO Stale Data: Mitigation: Clear CPU buffers
[    0.025998] SRBDS: Unknown: Dependent on hypervisor status
[    0.040846] Freeing SMP alternatives memory: 36K
[    0.151573] smpboot: CPU0: Intel(R) Core(TM) i7-8550U CPU @ 1.80GHz (family: 0x6, model: 0x8e, stepping: 0xa)
[    0.152000] Performance Events: unsupported p6 CPU model 142 no PMU driver, software events only.
[    0.152000] Hierarchical SRCU implementation.
[    0.152577] NMI watchdog: Perf event create on CPU 0 failed with -2
[    0.153702] NMI watchdog: Perf NMI watchdog permanently disabled
[    0.154842] smp: Bringing up secondary CPUs ...
[    0.155713] smp: Brought up 1 node, 1 CPU
[    0.156002] smpboot: Max logical packages: 1
[    0.156833] smpboot: Total of 1 processors activated (3984.00 BogoMIPS)
[    0.158337] devtmpfs: initialized
[    0.159101] x86/mm: Memory block size: 128MB
[    0.160102] evm: security.selinux
[    0.160804] evm: security.SMACK64
[    0.161435] evm: security.SMACK64EXEC
[    0.162176] evm: security.SMACK64TRANSMUTE
[    0.162994] evm: security.SMACK64MMAP
[    0.164002] evm: security.apparmor
[    0.164684] evm: security.ima
[    0.165287] evm: security.capability
[    0.166090] clocksource: jiffies: mask: 0xffffffff max_cycles: 0xffffffff, max_idle_ns: 7645041785100000 ns
[    0.167796] futex hash table entries: 256 (order: 2, 16384 bytes)
[    0.168031] pinctrl core: initialized pinctrl subsystem
[    0.169036] RTC time: 15:30:39, date: 08/26/22
[    0.169954] NET: Registered protocol family 16
[    0.170826] audit: initializing netlink subsys (disabled)
[    0.172097] cpuidle: using governor ladder
[    0.172881] cpuidle: using governor menu
[    0.173671] ACPI: bus type PCI registered
[    0.174580] acpiphp: ACPI Hot Plug PCI Controller Driver version: 0.5
[    0.176004] audit: type=2000 audit(1661527845.044:1): state=initialized audit_enabled=0 res=1
[    0.177631] PCI: Using configuration type 1 for base access
[    0.180954] HugeTLB registered 2.00 MiB page size, pre-allocated 0 pages
[    0.182256] ACPI: Added _OSI(Module Device)
[    0.183089] ACPI: Added _OSI(Processor Device)
[    0.183984] ACPI: Added _OSI(3.0 _SCP Extensions)
[    0.184003] ACPI: Added _OSI(Processor Aggregator Device)
[    0.184971] ACPI: Added _OSI(Linux-Dell-Video)
[    0.185798] ACPI: Added _OSI(Linux-Lenovo-NV-HDMI-Audio)
[    0.186764] ACPI: Added _OSI(Linux-HPI-Hybrid-Graphics)
[    0.188268] ACPI: Executed 1 blocks of module-level executable AML code
[    0.193840] ACPI: Interpreter enabled
[    0.194867] ACPI: (supports S0 S5)
[    0.195617] ACPI: Using IOAPIC for interrupt routing
[    0.196257] PCI: Using host bridge windows from ACPI; if necessary, use "pci=nocrs" and report a bug
[    0.197982] ACPI: Enabled 2 GPEs in block 00 to 07
[    0.205893] ACPI: PCI Root Bridge [PCI0] (domain 0000 [bus 00-ff])
[    0.207417] acpi PNP0A03:00: _OSC: OS supports [ASPM ClockPM Segments MSI]
[    0.208576] acpi PNP0A03:00: _OSC: not requesting OS control; OS requires [ExtendedConfig ASPM ClockPM MSI]
[    0.210177] acpi PNP0A03:00: fail to add MMCONFIG information, can't access extended PCI configuration space under this bridge.
[    0.212413] PCI host bridge to bus 0000:00
[    0.213118] pci_bus 0000:00: root bus resource [io  0x0000-0x0cf7 window]
[    0.214264] pci_bus 0000:00: root bus resource [io  0x0d00-0xffff window]
[    0.215347] pci_bus 0000:00: root bus resource [mem 0x000a0000-0x000bffff window]
[    0.216003] pci_bus 0000:00: root bus resource [mem 0x20000000-0xfdffffff window]
[    0.217228] pci_bus 0000:00: root bus resource [bus 00-ff]
[    0.221917] pci 0000:00:01.1: legacy IDE quirk: reg 0x10: [io  0x01f0-0x01f7]
[    0.223195] pci 0000:00:01.1: legacy IDE quirk: reg 0x14: [io  0x03f6]
[    0.224005] pci 0000:00:01.1: legacy IDE quirk: reg 0x18: [io  0x0170-0x0177]
[    0.225150] pci 0000:00:01.1: legacy IDE quirk: reg 0x1c: [io  0x0376]
[    0.235289] pci 0000:00:07.0: quirk: [io  0x4000-0x403f] claimed by PIIX4 ACPI
[    0.236021] pci 0000:00:07.0: quirk: [io  0x4100-0x410f] claimed by PIIX4 SMB
[    0.243688] ACPI: PCI Interrupt Link [LNKA] (IRQs 5 9 10 *11)
[    0.244513] ACPI: PCI Interrupt Link [LNKB] (IRQs 5 9 *10 11)
[    0.248132] ACPI: PCI Interrupt Link [LNKC] (IRQs 5 *9 10 11)
[    0.249754] ACPI: PCI Interrupt Link [LNKD] (IRQs 5 9 10 *11)
[    0.252184] SCSI subsystem initialized
[    0.252996] pci 0000:00:02.0: vgaarb: setting as boot VGA device
[    0.254059] pci 0000:00:02.0: vgaarb: VGA device added: decodes=io+mem,owns=io+mem,locks=none
[    0.255985] pci 0000:00:02.0: vgaarb: bridge control possible
[    0.256003] vgaarb: loaded
[    0.256749] ACPI: bus type USB registered
[    0.257764] usbcore: registered new interface driver usbfs
[    0.260015] usbcore: registered new interface driver hub
[    0.260983] usbcore: registered new device driver usb
[    0.262143] EDAC MC: Ver: 3.0.0
[    0.263140] PCI: Using ACPI for IRQ routing
[    0.264278] NetLabel: Initializing
[    0.265016] NetLabel:  domain hash size = 128
[    0.266044] NetLabel:  protocols = UNLABELED CIPSOv4 CALIPSO
[    0.267070] NetLabel:  unlabeled traffic allowed by default
[    0.268119] clocksource: Switched to clocksource kvm-clock
[    0.288639] VFS: Disk quotas dquot_6.6.0
[    0.289630] VFS: Dquot-cache hash table entries: 512 (order 0, 4096 bytes)
[    0.291277] AppArmor: AppArmor Filesystem Enabled
[    0.292420] pnp: PnP ACPI init
[    0.294123] pnp: PnP ACPI: found 3 devices
[    0.300299] clocksource: acpi_pm: mask: 0xffffff max_cycles: 0xffffff, max_idle_ns: 2085701024 ns
[    0.301923] NET: Registered protocol family 2
[    0.302756] IP idents hash table entries: 8192 (order: 4, 65536 bytes)
[    0.304051] TCP established hash table entries: 4096 (order: 3, 32768 bytes)
[    0.305388] TCP bind hash table entries: 4096 (order: 4, 65536 bytes)
[    0.306544] TCP: Hash tables configured (established 4096 bind 4096)
[    0.307696] UDP hash table entries: 256 (order: 1, 8192 bytes)
[    0.308882] UDP-Lite hash table entries: 256 (order: 1, 8192 bytes)
[    0.310095] NET: Registered protocol family 1
[    0.310917] pci 0000:00:00.0: Limiting direct PCI/PCI transfers
[    0.312036] pci 0000:00:01.0: Activating ISA DMA hang workarounds
[    0.313160] pci 0000:00:02.0: Video device with shadowed ROM at [mem 0x000c0000-0x000dffff]
[    0.314720] Unpacking initramfs...
[    0.597806] Freeing initrd memory: 19528K
[    0.598802] clocksource: tsc: mask: 0xffffffffffffffff max_cycles: 0x396d519840e, max_idle_ns: 881590569543 ns
[    0.600676] platform rtc_cmos: registered platform RTC device (no PNP device found)
[    0.602666] Scanning for low memory corruption every 60 seconds
[    0.604278] Initialise system trusted keyrings
[    0.605139] Key type blacklist registered
[    0.605966] workingset: timestamp_bits=36 max_order=17 bucket_order=0
[    0.608175] zbud: loaded
[    0.609185] squashfs: version 4.0 (2009/01/31) Phillip Lougher
[    0.610779] fuse init (API version 7.26)
[    0.612198] Key type asymmetric registered
[    0.613344] Asymmetric key parser 'x509' registered
[    0.614413] Block layer SCSI generic (bsg) driver version 0.4 loaded (major 246)
[    0.615828] io scheduler noop registered
[    0.616626] io scheduler deadline registered
[    0.617693] io scheduler cfq registered (default)
[    0.618971] ACPI: AC Adapter [AC] (on-line)
[    0.619838] input: Power Button as /devices/LNXSYSTM:00/LNXPWRBN:00/input/input0
[    0.621387] ACPI: Power Button [PWRF]
[    0.622233] input: Sleep Button as /devices/LNXSYSTM:00/LNXSLPBN:00/input/input1
[    0.623702] ACPI: Sleep Button [SLPF]
[    0.625403] ACPI: Battery Slot [BAT0] (battery present)
[    0.626668] Serial: 8250/16550 driver, 32 ports, IRQ sharing enabled
[    0.648887] 00:02: ttyS0 at I/O 0x3f8 (irq = 4, base_baud = 115200) is a 16550A
[    0.651437] Linux agpgart interface v0.103
[    0.653150] loop: module loaded
[    0.654277] scsi host0: ata_piix
[    0.655080] scsi host1: ata_piix
[    0.655875] ata1: PATA max UDMA/33 cmd 0x1f0 ctl 0x3f6 bmdma 0xd000 irq 14
[    0.657189] ata2: PATA max UDMA/33 cmd 0x170 ctl 0x376 bmdma 0xd008 irq 15
[    0.658907] tun: Universal TUN/TAP device driver, 1.6
[    0.660089] PPP generic driver version 2.4.2
[    0.660971] ehci_hcd: USB 2.0 'Enhanced' Host Controller (EHCI) Driver
[    0.662172] ehci-pci: EHCI PCI platform driver
[    0.663095] ehci-platform: EHCI generic platform driver
[    0.664078] ohci_hcd: USB 1.1 'Open' Host Controller (OHCI) Driver
[    0.665234] ohci-pci: OHCI PCI platform driver
[    0.666124] ohci-platform: OHCI generic platform driver
[    0.667149] uhci_hcd: USB Universal Host Controller Interface driver
[    0.668398] i8042: PNP: PS/2 Controller [PNP0303:PS2K,PNP0f03:PS2M] at 0x60,0x64 irq 1,12
[    0.670334] serio: i8042 KBD port at 0x60,0x64 irq 1
[    0.671295] serio: i8042 AUX port at 0x60,0x64 irq 12
[    0.672313] mousedev: PS/2 mouse device common for all mice
[    0.673808] input: AT Translated Set 2 keyboard as /devices/platform/i8042/serio0/input/input2
[    0.675854] rtc_cmos rtc_cmos: rtc core: registered rtc_cmos as rtc0
[    0.677145] rtc_cmos rtc_cmos: alarms up to one day, 114 bytes nvram
[    0.678337] i2c /dev entries driver
[    0.679070] device-mapper: uevent: version 1.0.3
[    0.679989] device-mapper: ioctl: 4.37.0-ioctl (2017-09-20) initialised: dm-devel@redhat.com
[    0.681597] ledtrig-cpu: registered to indicate activity on CPUs
[    0.682856] intel_pmc_core:  initialized
[    0.683880] NET: Registered protocol family 10
[    0.687316] Segment Routing with IPv6
[    0.688381] NET: Registered protocol family 17
[    0.689926] Key type dns_resolver registered
[    0.690748] mce: Using 0 MCE banks
[    0.691351] RAS: Correctable Errors collector initialized.
[    0.692313] sched_clock: Marking stable (692279869, 0)->(863223853, -170943984)
[    0.693980] registered taskstats version 1
[    0.694766] Loading compiled-in X.509 certificates
[    0.697464] Loaded X.509 cert 'Build time autogenerated kernel key: c22b55fccca0ab4a1b471e83eb5a5035df964114'
[    0.699772] Loaded X.509 cert 'Canonical Ltd. Live Patch Signing: 14df34d1a87cf37625abec039ef2bf521249b969'
[    0.701907] Loaded X.509 cert 'Canonical Ltd. Kernel Module Signing: 88f752e560a1e0737e31163a466ad7b70a850c19'
[    0.703683] blacklist: Loading compiled-in revocation X.509 certificates
[    0.704880] Loaded X.509 cert 'Canonical Ltd. Secure Boot Signing: 61482aa2830d0ab2ad5af10b7250da9033ddcef0'
[    0.706583] zswap: loaded using pool lzo/zbud
[    0.709828] Key type big_key registered
[    0.710572] Key type trusted registered
[    0.712407] Key type encrypted registered
[    0.713167] AppArmor: AppArmor sha1 policy hashing enabled
[    0.714157] ima: No TPM chip found, activating TPM-bypass! (rc=-19)
[    0.715257] ima: Allocated hash algorithm: sha1
[    0.716245] evm: HMAC attrs: 0x1
[    0.717082]   Magic number: 2:37:539
[    0.717774] tty ttyS19: hash matches
[    0.718531] rtc_cmos rtc_cmos: setting system clock to 2022-08-26 15:30:39 UTC (1661527839)
[    0.720643] BIOS EDD facility v0.16 2004-Jun-25, 0 devices found
[    0.721694] EDD information not available.
[    0.847702] Freeing unused kernel image memory: 2468K
[    0.856439] Write protecting the kernel read-only data: 20480k
[    0.858329] Freeing unused kernel image memory: 2008K
[    0.859700] Freeing unused kernel image memory: 1820K
[    0.868345] x86/mm: Checked W+X mappings: passed, no W+X pages found.
[    0.869464] x86/mm: Checking user space page tables
[    0.878051] x86/mm: Checked W+X mappings: passed, no W+X pages found.
Loading, please wait...
starting version 237
[    0.975791] e1000: Intel(R) PRO/1000 Network Driver - version 7.3.21-k8-NAPI
[    0.977193] e1000: Copyright (c) 1999-2006 Intel Corporation.
[    0.980511] Fusion MPT base driver 3.04.20
[    0.981307] Copyright (c) 1999-2008 LSI Corporation
[    0.999006] Fusion MPT SPI Host driver 3.04.20
[    1.005528] AVX2 version of gcm_enc/dec engaged.
[    1.006416] AES CTR mode by8 optimization enabled
[    1.190126] input: ImExPS/2 Generic Explorer Mouse as /devices/platform/i8042/serio1/input/input4
[    1.377092] e1000 0000:00:03.0 eth0: (PCI:33MHz:32-bit) 02:dd:70:87:b9:65
[    1.378518] e1000 0000:00:03.0 eth0: Intel(R) PRO/1000 Network Connection
[    1.381640] e1000 0000:00:03.0 enp0s3: renamed from eth0
[    1.383740] mptbase: ioc0: Initiating bringup
[    1.481461] ioc0: LSI53C1030 A0: Capabilities={Initiator}
[    1.727373] scsi host2: ioc0: LSI53C1030 A0, FwRev=00000000h, Ports=1, MaxQ=256, IRQ=20
[    1.897852] scsi 2:0:0:0: Direct-Access     VBOX     HARDDISK         1.0  PQ: 0 ANSI: 5
[    1.902569] scsi target2:0:0: Beginning Domain Validation
[    1.905799] scsi target2:0:0: Domain Validation skipping write tests
[    1.906832] scsi target2:0:0: Ending Domain Validation
[    1.907721] scsi target2:0:0: asynchronous
[    1.909277] random: fast init done
[    1.909864] scsi 2:0:1:0: Direct-Access     VBOX     HARDDISK         1.0  PQ: 0 ANSI: 5
[    1.911147] scsi target2:0:1: Beginning Domain Validation
[    1.913606] scsi target2:0:1: Domain Validation skipping write tests
[    1.914636] scsi target2:0:1: Ending Domain Validation
[    1.916072] scsi target2:0:1: asynchronous
[    1.921217] random: systemd-udevd: uninitialized urandom read (16 bytes read)
[    1.922394] random: systemd-udevd: uninitialized urandom read (16 bytes read)
[    1.923517] random: systemd-udevd: uninitialized urandom read (16 bytes read)
[    1.924878] sd 2:0:0:0: Attached scsi generic sg0 type 0
[    1.925904] sd 2:0:0:0: [sda] 83886080 512-byte logical blocks: (42.9 GB/40.0 GiB)
[    1.927287] sd 2:0:0:0: [sda] Write Protect is off
[    1.928341] sd 2:0:0:0: [sda] Incomplete mode parameter data
[    1.929216] sd 2:0:0:0: [sda] Assuming drive cache: write through
[    1.930697] sd 2:0:1:0: Attached scsi generic sg1 type 0
[    1.931752] sd 2:0:1:0: [sdb] 20480 512-byte logical blocks: (10.5 MB/10.0 MiB)
[    1.933074] sd 2:0:1:0: [sdb] Write Protect is off
[    1.934068] sd 2:0:1:0: [sdb] Incomplete mode parameter data
[    1.934977] sd 2:0:1:0: [sdb] Assuming drive cache: write through
[    2.064806]  sda: sda1
[    2.070938] sd 2:0:0:0: [sda] Attached SCSI disk
[    2.079396] sd 2:0:1:0: [sdb] Attached SCSI disk
Begin: Loading essential drivers ... [    3.596102] raid6: sse2x1   gen() 13204 MB/s
[    3.644057] raid6: sse2x1   xor()  9428 MB/s
[    3.692064] raid6: sse2x2   gen() 16263 MB/s
[    3.740045] raid6: sse2x2   xor() 10695 MB/s
[    3.788058] raid6: sse2x4   gen() 17924 MB/s
[    3.836038] raid6: sse2x4   xor() 10902 MB/s
[    3.884056] raid6: avx2x1   gen() 24136 MB/s
[    3.932041] raid6: avx2x1   xor() 18187 MB/s
[    3.980047] raid6: avx2x2   gen() 30089 MB/s
[    4.028035] raid6: avx2x2   xor() 19867 MB/s
[    4.076042] raid6: avx2x4   gen() 34324 MB/s
[    4.124043] raid6: avx2x4   xor() 20829 MB/s
[    4.124929] raid6: using algorithm avx2x4 gen() 34324 MB/s
[    4.125986] raid6: .... xor() 20829 MB/s, rmw enabled
[    4.126963] raid6: using avx2x2 recovery algorithm
[    4.129568] xor: automatically using best checksumming function   avx       
[    4.132261] async_tx: api initialized (async)
done.
Begin: Running /scripts/init-premount ... done.
Begin: Mounting root file system ... Begin: Running /scripts/local-top ... done.
Begin: Running /scripts/local-premount ... [    4.181125] Btrfs loaded, crc32c=crc32c-intel
Scanning for Btrfs filesystems
done.
Warning: fsck not present, so skipping root file system
[    4.341944] EXT4-fs (sda1): mounted filesystem with ordered data mode. Opts: (null)
done.
Begin: Running /scripts/local-bottom ... done.
Begin: Running /scripts/init-bottom ... done.
[    4.879202] ip_tables: (C) 2000-2006 Netfilter Core Team
[    4.924858] systemd[1]: systemd 237 running in system mode. (+PAM +AUDIT +SELINUX +IMA +APPARMOR +SMACK +SYSVINIT +UTMP +LIBCRYPTSETUP +GCRYPT +GNUTLS +ACL +XZ +LZ4 +SECCOMP +BLKID +ELFUTILS +KMOD -IDN2 +IDN -PCRE2 default-hierarchy=hybrid)
[    4.928821] systemd[1]: Detected virtualization oracle.
[    4.929821] systemd[1]: Detected architecture x86-64.

Welcome to [1mUbuntu 18.04.6 LTS[0m!

[    4.941094] systemd[1]: Set hostname to <ubuntu>.
[    4.955568] systemd[1]: Initializing machine ID from random generator.
[    4.956923] systemd[1]: Installed transient /etc/machine-id file.
[    5.669966] systemd[1]: Created slice System Slice.
[[0;32m  OK  [0m] Created slice System Slice.
[    5.671571] systemd[1]: Reached target System Time Synchronized.
[[0;32m  OK  [0m] Reached target System Time Synchronized.
[    5.673487] systemd[1]: Reached target User and Group Name Lookups.
[[0;32m  OK  [0m] Reached target User and Group Name Lookups.
[    5.675387] systemd[1]: Listening on udev Kernel Socket.
[[0;32m  OK  [0m] Listening on udev Kernel Socket.
[[0;32m  OK  [0m] Listening on LVM2 metadata daemon socket.
[[0;32m  OK  [0m] Started Forward Password Requests to Wall Directory Watch.
[[0;32m  OK  [0m] Listening on udev Control Socket.
[[0;32m  OK  [0m] Listening on Network Service Netlink Socket.
[[0;32m  OK  [0m] Listening on /dev/initctl Compatibility Named Pipe.
[[0;32m  OK  [0m] Listening on Device-mapper event daemon FIFOs.
[[0;32m  OK  [0m] Created slice system-serial\x2dgetty.slice.
[[0;32m  OK  [0m] Listening on LVM2 poll daemon socket.
[[0;32m  OK  [0m] Listening on Journal Socket.
         Starting udev Coldplug all Devices...
         Starting Create list of required st…ce nodes for the current kernel...
         Starting Monitoring of LVM2 mirrors…ng dmeventd or progress polling...
         Starting Load Kernel Modules...
         Starting Set the console keyboard layout...
         Starting Uncomplicated firewall...
         Mounting Huge Pages File System...
[[0;32m  OK  [0m] Listening on Syslog Socket.
[    5.759637] random: crng init done
[    5.760420] random: 7 urandom warning(s) missed due to ratelimiting
         Mounting POSIX Message Queue File System...
[[0;32m  OK  [0m] Set up automount Arbitrary Executab…rmats File System Automount Point.
[    5.849818] Loading iSCSI transport class v2.0-870.
         Mounting Kernel Debug File System...
[[0;32m  OK  [0m] Created slice User and Session Slice.
[[0;32m  OK  [0m] Reached target Slices.
[[0;32m  OK  [0m] Reached target Swap.
[[0;32m  OK  [0m] Listening on Journal Socket (/dev/log).
[[0;32m  OK  [0m] Listening on Journal Audit Socket.
         Starting Journal Service...
[[0;32m  OK  [0m] Listening on fsck to fsckd communication Socket.
[    5.967770] iscsi: registered transport (tcp)
         Starting File System Check on Root Device...
[[0;32m  OK  [0m] Started Create list of required sta…vice nodes for the current kernel.
[[0;32m  OK  [0m] Started Uncomplicated firewall.
[[0;32m  OK  [0m] Mounted Huge Pages File System.
[[0;32m  OK  [0m] Mounted POSIX Message Queue File System.
[[0;32m  OK  [0m] Mounted Kernel Debug File System.
[[0;32m  OK  [0m] Started LVM2 metadata daemon.
         Starting Create Static Device Nodes in /dev...
[[0;32m  OK  [0m] Started udev Coldplug all Devices.
[[0;32m  OK  [0m] Started File System Check Daemon to report status.
[[0;32m  OK  [0m] Started Journal Service.
[    6.074278] iscsi: registered transport (iser)
[[0;32m  OK  [0m] Started Load Kernel Modules.
         Mounting Kernel Configuration File System...
         Starting Apply Kernel Variables...
         Mounting FUSE Control File System...
[[0;32m  OK  [0m] Mounted Kernel Configuration File System.
[[0;32m  OK  [0m] Mounted FUSE Control File System.
[[0;32m  OK  [0m] Started File System Check on Root Device.
[[0;32m  OK  [0m] Started Create Static Device Nodes in /dev.
[[0;32m  OK  [0m] Started Monitoring of LVM2 mirrors,…sing dmeventd or progress polling.
[[0;32m  OK  [0m] Started Set the console keyboard layout.
[[0;32m  OK  [0m] Started Apply Kernel Variables.
         Starting Remount Root and Kernel File Systems...
[[0;32m  OK  [0m] Started Remount Root and Kernel File Systems.
         Starting Flush Journal to Persistent Storage...
[[0;32m  OK  [0m] Reached target Local File Systems (Pre).
[[0;32m  OK  [0m] Reached target Local File Systems.
         Starting ebtables ruleset management...
         Starting Set console font and keymap...
         Starting Tell Plymouth To Write Out Runtime Data...
         Starting AppArmor initialization...
         Starting Commit a transient machine-id on disk...
         Starting Load/Save Random Seed...
         Starting udev Kernel Device Manager...
[[0;32m  OK  [0m] Started Set console font and keymap.
[[0;32m  OK  [0m] Started Tell Plymouth To Write Out Runtime Data.
[[0;32m  OK  [0m] Started Load/Save Random Seed.
[[0;32m  OK  [0m] Started udev Kernel Device Manager.
[[0;32m  OK  [0m] Started Dispatch Password Requests to Console Directory Watch.
[[0;32m  OK  [0m] Reached target Local Encrypted Volumes.
[[0;32m  OK  [0m] Started Commit a transient machine-id on disk.
[[0;32m  OK  [0m] Started Flush Journal to Persistent Storage.
         Starting Create Volatile Files and Directories...
[[0;32m  OK  [0m] Started ebtables ruleset management.
[[0;32m  OK  [0m] Started Create Volatile Files and Directories.
         Starting Update UTMP about System Boot/Shutdown...
[[0;32m  OK  [0m] Started Update UTMP about System Boot/Shutdown.
[[0;32m  OK  [0m] Found device /dev/ttyS0.
[[0;32m  OK  [0m] Listening on Load/Save RF Kill Switch Status /dev/rfkill Watch.
[[0;32m  OK  [0m] Started AppArmor initialization.
         Starting Load AppArmor profiles managed internally by snapd...
         Starting Initial cloud-init job (pre-networking)...
[[0;32m  OK  [0m] Started Load AppArmor profiles managed internally by snapd.
[   11.824952] cloud-init[573]: Cloud-init v. 22.2-0ubuntu1~18.04.3 running 'init-local' at Fri, 26 Aug 2022 15:30:50 +0000. Up 11.26 seconds.
[[0;32m  OK  [0m] Started Initial cloud-init job (pre-networking).
[[0;32m  OK  [0m] Reached target Network (Pre).
         Starting Network Service...
[[0;32m  OK  [0m] Started Network Service.
         Starting Network Name Resolution...
         Starting Wait for Network to be Configured...
[[0;32m  OK  [0m] Started Network Name Resolution.
[[0;32m  OK  [0m] Reached target Host and Network Name Lookups.
[[0;32m  OK  [0m] Reached target Network.
[[0;32m  OK  [0m] Started Wait for Network to be Configured.
         Starting Initial cloud-init job (metadata service crawler)...
[   14.302070] cloud-init[691]: Cloud-init v. 22.2-0ubuntu1~18.04.3 running 'init' at Fri, 26 Aug 2022 15:30:52 +0000. Up 14.10 seconds.
[   14.302894] cloud-init[691]: ci-info: ++++++++++++++++++++++++++++++++++++++Net device info++++++++++++++++++++++++++++++++++++++
[   14.303944] cloud-init[691]: ci-info: +--------+------+----------------------------+---------------+--------+-------------------+
[   14.306196] cloud-init[691]: ci-info: | Device |  Up  |          Address           |      Mask     | Scope  |     Hw-Address    |
[   14.309865] cloud-init[691]: ci-info: +--------+------+----------------------------+---------------+--------+-------------------+
[   14.312145] cloud-init[691]: ci-info: | enp0s3 | True |         10.0.2.15          | 255.255.255.0 | global | 02:dd:70:87:b9:65 |
[   14.313098] cloud-init[691]: ci-info: | enp0s3 | True | fe80::dd:70ff:fe87:b965/64 |       .       |  link  | 02:dd:70:87:b9:65 |
[   14.315999] cloud-init[691]: ci-info: |   lo   | True |         127.0.0.1          |   255.0.0.0   |  host  |         .         |
[   14.317495] cloud-init[691]: ci-info: |   lo   | True |          ::1/128           |       .       |  host  |         .         |
[   14.318889] cloud-init[691]: ci-info: +--------+------+----------------------------+---------------+--------+-------------------+
[   14.332096] cloud-init[691]: ci-info: ++++++++++++++++++++++++++++Route IPv4 info+++++++++++++++++++++++++++++
[   14.344756] cloud-init[691]: ci-info: +-------+-------------+----------+-----------------+-----------+-------+
[   14.356184] cloud-init[691]: ci-info: | Route | Destination | Gateway  |     Genmask     | Interface | Flags |
[   14.368210] cloud-init[691]: ci-info: +-------+-------------+----------+-----------------+-----------+-------+
[   14.369036] cloud-init[691]: ci-info: |   0   |   0.0.0.0   | 10.0.2.2 |     0.0.0.0     |   enp0s3  |   UG  |
[   14.369874] cloud-init[691]: ci-info: |   1   |   10.0.2.0  | 0.0.0.0  |  255.255.255.0  |   enp0s3  |   U   |
[   14.371116] cloud-init[691]: ci-info: |   2   |   10.0.2.2  | 0.0.0.0  | 255.255.255.255 |   enp0s3  |   UH  |
[   14.372311] cloud-init[691]: ci-info: +-------+-------------+----------+-----------------+-----------+-------+
[   14.375724] cloud-init[691]: ci-info: +++++++++++++++++++Route IPv6 info+++++++++++++++++++
[   14.376957] cloud-init[691]: ci-info: +-------+-------------+---------+-----------+-------+
[   14.380131] cloud-init[691]: ci-info: | Route | Destination | Gateway | Interface | Flags |
[   14.380812] cloud-init[691]: ci-info: +-------+-------------+---------+-----------+-------+
[   14.381477] cloud-init[691]: ci-info: |   1   |  fe80::/64  |    ::   |   enp0s3  |   U   |
[   14.382661] cloud-init[691]: ci-info: |   3   |    local    |    ::   |   enp0s3  |   U   |
[   14.383796] cloud-init[691]: ci-info: |   4   |   ff00::/8  |    ::   |   enp0s3  |   U   |
[   14.385253] cloud-init[691]: ci-info: +-------+-------------+---------+-----------+-------+
[   15.803397] cloud-init[691]: Generating public/private rsa key pair.
[   15.812276] cloud-init[691]: Your identification has been saved in /etc/ssh/ssh_host_rsa_key.
[   15.824257] cloud-init[691]: Your public key has been saved in /etc/ssh/ssh_host_rsa_key.pub.
[   15.836179] cloud-init[691]: The key fingerprint is:
[   15.848253] cloud-init[691]: SHA256:e4U69t+Qz2BUwvB0tfEvW6MFCLJKj8RvWVgQDyAza5E root@ubuntu-bionic
[[0;32m  OK  [0m] Started Initial cloud-init job (metadata service crawler).
[[0;32m  OK  [0m] Reached target Cloud-config availability.
[[0;32m  OK  [0m] Reached target System Initialization.
[[0;32m  OK  [0m] Listening on D-Bus System Message Bus Socket.
[[0;32m  OK  [0m] Started Message of the Day.
[   15.866039] cloud-init[691]: The key's randomart image is:
[   15.880813] cloud-init[691]: +---[RSA 2048]----+
[[0;32m  OK  [0m] Started ACPI Events Check.
[[0;32m  OK  [0m] Listening on UUID daemon activation socket.
         Starting Socket activation for snappy daemon.
[[0;32m  OK  [0m] Started Daily Cleanup of Temporary Directories.
[[0;32m  OK  [0m] Started Discard unused blocks once a week.
[[0;32m  OK  [0m] Listening on cloud-init hotplug hook socket.
[[0;32m  OK  [0m] Started Ubuntu Advantage Timer for running repeated jobs.
[[0;32m  OK  [0m] Listening on Open-iSCSI iscsid Socket.
[[0;32m  OK  [0m] Listening on ACPID Listen Socket.
[[0;32m  OK  [0m] Reached target Paths.
[[0;32m  OK  [0m] Started Daily apt download activities.
[[0;32m  OK  [0m] Started Daily apt upgrade and clean activities.
[[0;32m  OK  [0m] Reached target Timers.
[   15.884967] cloud-init[691]: |   =...=oo. . .o.|
[   15.954083] cloud-init[691]: |   EB   B .=..  +|
[   15.954828] cloud-init[691]: |   o + o o .+....|
[   15.964540] cloud-init[691]: |  . o = o  . o. .|
[   15.965540] cloud-init[691]: |     o =S . o .oo|
[   15.966367] cloud-init[691]: |      .  o o .o+.|
[   15.967115] cloud-init[691]: |        = . =..  |
[   15.967831] cloud-init[691]: |       . + . *   |
[   15.968639] cloud-init[691]: |          ... +  |         Starting LXD - unix socket.
[[0;32m  OK  [0m] Reached target Network is Online.

         Starting Availability of block devices...
[[0;32m  OK  [0m] Reached target Remote File Systems (Pre).
[[0;32m  OK  [0m] Reached target Remote File Systems.
[[0;32m  OK  [0m] Listening on Socket activation for snappy daemon.
[[0;32m  OK  [0m] Listening on LXD - unix socket.
[   15.987949] cloud-init[691]: +----[SHA256]-----+
[   16.040704] cloud-init[691]: Generating public/private dsa key pair.
[[0;32m  OK  [0m] Started Availability of block devices.
[[0;32m  OK  [0m] Reached target Sockets.
[[0;32m  OK  [0m] Reached target Basic System.
         Starting Login Service...
[   16.058065] cloud-init[691]: Your identification has been saved in /etc/ssh/ssh_host_dsa_key.
[   16.068243] cloud-init[691]: Your public key has been saved in /etc/ssh/ssh_host_dsa_key.pub.
         Starting System Logging Service...
[   16.083588] cloud-init[691]: The key fingerprint is:
[[0;32m  OK  [0m] Started Deferred execution scheduler.
[   16.099396] cloud-init[691]: SHA256:uH95rWft+16l2oCESJIFUPO2q54LW6RAna/Jd3k4kFc root@ubuntu-bionic
[   16.101425] cloud-init[691]: The key's randomart image is:
[   16.112904] cloud-init[691]: +---[DSA 1024]----+
[   16.124500] cloud-init[691]: |  .o+..          |
[   16.125904] cloud-init[691]: |  . .=           |
[   16.136201] cloud-init[691]: | . oo +  E       |
[   16.136978] cloud-init[691]: |.   .+.+..       |
[   16.148118] cloud-init[691]: |.   .++.S .     .|
[   16.148519] cloud-init[691]: | ..oo ooo. .   ..|
[   16.160160] cloud-init[691]: |  o+..o= ........|
[   16.172841] cloud-init[691]: |   +.o..o o .++ o|
[   16.173783] cloud-init[691]: |  ..=.  .. .o+.+*|
[   16.175014] cloud-init[691]: +----[SHA256]-----+
[   16.175468] cloud-init[691]: Generating public/private ecdsa key pair.
[   16.176185] cloud-init[691]: Your identification has been saved in /etc/ssh/ssh_host_ecdsa_key.
[   16.177632] cloud-init[691]: Your public key has been saved in /etc/ssh/ssh_host_ecdsa_key.pub.
[   16.180149] cloud-init[691]: The key fingerprint is:
[   16.180910] cloud-init[691]: SHA256:HDHMSsADfOCC0Zh7Dres6a5+ptD9nQYfWLql1eLmIk0 root@ubuntu-bionic
[   16.183952] cloud-init[691]: The key's randomart image is:
[   16.184778] cloud-init[691]: +---[ECDSA 256]---+
[   16.186012] cloud-init[691]: |.=o+.. oo        |
[   16.187005] cloud-init[691]: |+oo + . oo       |
[   16.187713] cloud-init[691]: |o... o ..        |
[   16.188530] cloud-init[691]: |o.o   ....       |
[   16.189308] cloud-init[691]: | * .   +S.       |
[   16.191411] cloud-init[691]: | .+.  E = .      |
[   16.192096] cloud-init[691]: |.o. .o O o       |
[   16.192853] cloud-init[691]: |+  o..=.=.       |
[   16.193558] cloud-init[691]: |*=+  ..=+        |
[   16.194268] cloud-init[691]: +----[SHA256]-----+
[   16.194989] cloud-init[691]: Generating public/private ed25519 key pair.
[   16.195870] cloud-init[691]: Your identification has been saved in /etc/ssh/ssh_host_ed25519_key.
[   16.197028] cloud-init[691]: Your public key has been saved in /etc/ssh/ssh_host_ed25519_key.pub.
[   16.198254] cloud-init[691]: The key fingerprint is:
[   16.199104] cloud-init[691]: SHA256:31h9RhDiXnPQ92Y5mcKdr/s4cYYULwoZwff85xZWAmk root@ubuntu-bionic
[   16.200287] cloud-init[691]: The key's randomart image is:
[   16.201126] cloud-init[691]: +--[ED25519 256]--+
[   16.201838] cloud-init[691]: |         .....+o |
[   16.202588] cloud-init[691]: |          o.E..oo|
[   16.203295] cloud-init[691]: |           =o++oX|
[   16.204003] cloud-init[691]: |          o. =*@*|
[   16.204771] cloud-init[691]: |        S  .oooB*|
[   16.205521] cloud-init[691]: |         . +. o=*|
[   16.206223] cloud-init[691]: |          o . .*o|         Starting Pollinate to seed the pseudo random number generator...
[[0;32m  OK  [0m] Started irqbalance daemon.
[[0;32m  OK  [0m] Started Regular background program processing daemon.
         Starting Permit User Sessions...

[   16.232175] cloud-init[691]: |              o.o|
         Starting Dispatcher daemon for systemd-networkd...
         Starting LXD - container startup/shutdown...
[   16.247981] cloud-init[691]: |              o=.|
[   16.272187] cloud-init[691]: +----[SHA256]-----+
         Starting Snap Daemon...
         Starting Accounts Service...
         Starting LSB: automatic crash report generation...
         Starting LSB: Record successful boot for GRUB...
[[0;32m  OK  [0m] Started D-Bus System Message Bus.
[[0;32m  OK  [0m] Started Login Service.
[[0;32m  OK  [0m] Started Unattended Upgrades Shutdown.
         Starting Virtualbox guest utils...
[[0;32m  OK  [0m] Started FUSE filesystem for LXC.
[[0;32m  OK  [0m] Started System Logging Service.
[[0;32m  OK  [0m] Started Permit User Sessions.
         Starting Terminate Plymouth Boot Screen...
         Starting Hold until boot process finishes up...
[[0;32m  OK  [0m] Started Terminate Plymouth Boot Screen.
[[0;32m  OK  [0m] Started Hold until boot process finishes up.
[[0;32m  OK  [0m] Started Serial Getty on ttyS0.
         Starting Set console scheme...
         Starting Authorization Manager...
[[0;32m  OK  [0m] Started LSB: automatic crash report generation.
[[0;32m  OK  [0m] Started Set console scheme.
[[0;32m  OK  [0m] Created slice system-getty.slice.
[[0;32m  OK  [0m] Started Getty on tty1.
[[0;32m  OK  [0m] Reached target Login Prompts.
[[0;32m  OK  [0m] Started LSB: Record successful boot for GRUB.
[[0;32m  OK  [0m] Started Authorization Manager.
[[0;32m  OK  [0m] Started Accounts Service.
[[0;32m  OK  [0m] Started Dispatcher daemon for systemd-networkd.
[[0;32m  OK  [0m] Started Virtualbox guest utils.
[[0;32m  OK  [0m] Started LXD - container startup/shutdown.
[[0;32m  OK  [0m] Started Snap Daemon.
         Starting Wait until snapd is fully seeded...
         Starting Time & Date Service...
[[0;32m  OK  [0m] Started Time & Date Service.
[[0;32m  OK  [0m] Started Pollinate to seed the pseudo random number generator.
         Starting OpenBSD Secure Shell server...
[[0;32m  OK  [0m] Started OpenBSD Secure Shell server.
[[0;32m  OK  [0m] Created slice User Slice of vagrant.
         Starting User Manager for UID 1000...
[[0;32m  OK  [0m] Started Session 1 of user vagrant.
[[0;32m  OK  [0m] Started User Manager for UID 1000.

Ubuntu 18.04.6 LTS ubuntu-bionic ttyS0

ubuntu-bionic login: [   25.818043] cloud-init[1362]: Cloud-init v. 22.2-0ubuntu1~18.04.3 running 'modules:config' at Fri, 26 Aug 2022 15:31:02 +0000. Up 23.35 seconds.
ci-info: no authorized SSH keys fingerprints found for user ubuntu.
<14>Aug 26 15:31:05 cloud-init: #############################################################
<14>Aug 26 15:31:05 cloud-init: -----BEGIN SSH HOST KEY FINGERPRINTS-----
<14>Aug 26 15:31:05 cloud-init: 1024 SHA256:uH95rWft+16l2oCESJIFUPO2q54LW6RAna/Jd3k4kFc root@ubuntu-bionic (DSA)
<14>Aug 26 15:31:05 cloud-init: 256 SHA256:HDHMSsADfOCC0Zh7Dres6a5+ptD9nQYfWLql1eLmIk0 root@ubuntu-bionic (ECDSA)
<14>Aug 26 15:31:05 cloud-init: 256 SHA256:31h9RhDiXnPQ92Y5mcKdr/s4cYYULwoZwff85xZWAmk root@ubuntu-bionic (ED25519)
<14>Aug 26 15:31:05 cloud-init: 2048 SHA256:e4U69t+Qz2BUwvB0tfEvW6MFCLJKj8RvWVgQDyAza5E root@ubuntu-bionic (RSA)
<14>Aug 26 15:31:05 cloud-init: -----END SSH HOST KEY FINGERPRINTS-----
<14>Aug 26 15:31:05 cloud-init: #############################################################
-----BEGIN SSH HOST KEY KEYS-----
ecdsa-sha2-nistp256 AAAAE2VjZHNhLXNoYTItbmlzdHAyNTYAAAAIbmlzdHAyNTYAAABBBEp+qq1rvXeUHMrbCtUH6EGAIZ7/P4V9T5mgr2h6i3WtFGimtuXWMIUayndw9gTkEOM7/ZtRRE004Mr4Ja1SIqE= root@ubuntu-bionic
ssh-ed25519 AAAAC3NzaC1lZDI1NTE5AAAAIBGFp682/QPyq/aNqXmhjzde6trA1vn8nNNx3rkjirpr root@ubuntu-bionic
ssh-rsa AAAAB3NzaC1yc2EAAAADAQABAAABAQCxkf0GY77bVIYzI1zxyHu9VkoN0Og2oFOq8m2M6Pip4JTR2GFJHGMX/ajN9bMz+VsIdKsDnz0/VIC3yqqwKvM0ZVhVWR6YarEsMLZjO/ThDoSyet6ZlWIv7hmvoZnO5/AMiKucarLgdcLWKypFCy/b3AQBZ3pZyqLP4P7ueqFmzQr5Ah5FY2/DohEq2JcK4XPxdG2UbRfnCGYDuH5nAaKOD64VUH2O3xpcmdkGfvVuKgqXG2I0BPFNDWSfz/LItbvf/r7gUtrkHIh6etAGgsDfNAE6HErUDiXoaHlBUassGfs0dHqKBT4EDbYQT9JNj1JT+L3xQ7sSj/bV74JKNM7j root@ubuntu-bionic
-----END SSH HOST KEY KEYS-----
[   27.049125] cloud-init[1513]: Cloud-init v. 22.2-0ubuntu1~18.04.3 running 'modules:final' at Fri, 26 Aug 2022 15:31:05 +0000. Up 26.71 seconds.
[   27.049608] cloud-init[1513]: Cloud-init v. 22.2-0ubuntu1~18.04.3 finished at Fri, 26 Aug 2022 15:31:05 +0000. Datasource DataSourceNoCloud [seed=/dev/sdb][dsmode=net].  Up 27.03 seconds
